<?xml version="1.0" encoding="UTF-8"?>
<testng-results skipped="0" failed="2" ignored="0" total="4" passed="2">
  <reporter-output>
  </reporter-output>
  <suite name="GridTest" duration-ms="78537" started-at="2020-09-06T10:54:04Z" finished-at="2020-09-06T10:55:23Z">
    <groups>
    </groups>
    <test name="Chrome Test" duration-ms="56036" started-at="2020-09-06T10:54:04Z" finished-at="2020-09-06T10:55:00Z">
      <class name="com.jbk.DemoTest">
        <test-method status="PASS" signature="setUp(java.lang.String)[pri:0, instance:com.jbk.DemoTest@475530b9]" name="setUp" is-config="true" duration-ms="17575" started-at="2020-09-06T10:54:04Z" finished-at="2020-09-06T10:54:22Z">
          <params>
            <param index="0">
              <value>
                <![CDATA[4455]]>
              </value>
            </param>
          </params>
          <reporter-output>
          </reporter-output>
        </test-method> <!-- setUp -->
        <test-method status="PASS" signature="test01()[pri:0, instance:com.jbk.DemoTest@475530b9]" name="test01" duration-ms="1623" started-at="2020-09-06T10:54:22Z" finished-at="2020-09-06T10:54:23Z">
          <reporter-output>
          </reporter-output>
        </test-method> <!-- test01 -->
        <test-method status="PASS" signature="setUp(java.lang.String)[pri:0, instance:com.jbk.DemoTest@475530b9]" name="setUp" is-config="true" duration-ms="33720" started-at="2020-09-06T10:54:23Z" finished-at="2020-09-06T10:54:57Z">
          <params>
            <param index="0">
              <value>
                <![CDATA[4455]]>
              </value>
            </param>
          </params>
          <reporter-output>
          </reporter-output>
        </test-method> <!-- setUp -->
        <test-method status="FAIL" signature="test02()[pri:0, instance:com.jbk.DemoTest@475530b9]" name="test02" duration-ms="286" started-at="2020-09-06T10:54:57Z" finished-at="2020-09-06T10:54:57Z">
          <exception class="java.lang.AssertionError">
            <message>
              <![CDATA[expected [JavaByKiran | Dashboard] but found [JavaByKiran | Log in]]]>
            </message>
            <full-stacktrace>
              <![CDATA[java.lang.AssertionError: expected [JavaByKiran | Dashboard] but found [JavaByKiran | Log in]
at org.testng.Assert.fail(Assert.java:96)
at org.testng.Assert.failNotEquals(Assert.java:776)
at org.testng.Assert.assertEqualsImpl(Assert.java:137)
at org.testng.Assert.assertEquals(Assert.java:118)
at org.testng.Assert.assertEquals(Assert.java:453)
at org.testng.Assert.assertEquals(Assert.java:463)
at com.jbk.DemoTest.test02(DemoTest.java:59)
at sun.reflect.NativeMethodAccessorImpl.invoke0(Native Method)
at sun.reflect.NativeMethodAccessorImpl.invoke(NativeMethodAccessorImpl.java:62)
at sun.reflect.DelegatingMethodAccessorImpl.invoke(DelegatingMethodAccessorImpl.java:43)
at java.lang.reflect.Method.invoke(Method.java:498)
at org.testng.internal.MethodInvocationHelper.invokeMethod(MethodInvocationHelper.java:124)
at org.testng.internal.Invoker.invokeMethod(Invoker.java:583)
at org.testng.internal.Invoker.invokeTestMethod(Invoker.java:719)
at org.testng.internal.Invoker.invokeTestMethods(Invoker.java:989)
at org.testng.internal.TestMethodWorker.invokeTestMethods(TestMethodWorker.java:125)
at org.testng.internal.TestMethodWorker.run(TestMethodWorker.java:109)
at org.testng.TestRunner.privateRun(TestRunner.java:648)
at org.testng.TestRunner.run(TestRunner.java:505)
at org.testng.SuiteRunner.runTest(SuiteRunner.java:455)
at org.testng.SuiteRunner.access$000(SuiteRunner.java:40)
at org.testng.SuiteRunner$SuiteWorker.run(SuiteRunner.java:489)
at org.testng.internal.thread.ThreadUtil$1.call(ThreadUtil.java:52)
at java.util.concurrent.FutureTask.run(FutureTask.java:266)
at java.util.concurrent.ThreadPoolExecutor.runWorker(ThreadPoolExecutor.java:1149)
at java.util.concurrent.ThreadPoolExecutor$Worker.run(ThreadPoolExecutor.java:624)
at java.lang.Thread.run(Thread.java:748)
]]>
            </full-stacktrace>
          </exception> <!-- java.lang.AssertionError -->
          <reporter-output>
          </reporter-output>
        </test-method> <!-- test02 -->
      </class> <!-- com.jbk.DemoTest -->
    </test> <!-- Chrome Test -->
    <test name="Firefox Test" duration-ms="78537" started-at="2020-09-06T10:54:04Z" finished-at="2020-09-06T10:55:23Z">
      <class name="com.jbk.DemoTest">
        <test-method status="PASS" signature="setUp(java.lang.String)[pri:0, instance:com.jbk.DemoTest@5622fdf]" name="setUp" is-config="true" duration-ms="45575" started-at="2020-09-06T10:54:04Z" finished-at="2020-09-06T10:54:50Z">
          <params>
            <param index="0">
              <value>
                <![CDATA[4456]]>
              </value>
            </param>
          </params>
          <reporter-output>
          </reporter-output>
        </test-method> <!-- setUp -->
        <test-method status="PASS" signature="test01()[pri:0, instance:com.jbk.DemoTest@5622fdf]" name="test01" duration-ms="4252" started-at="2020-09-06T10:54:50Z" finished-at="2020-09-06T10:54:54Z">
          <reporter-output>
          </reporter-output>
        </test-method> <!-- test01 -->
        <test-method status="PASS" signature="setUp(java.lang.String)[pri:0, instance:com.jbk.DemoTest@5622fdf]" name="setUp" is-config="true" duration-ms="28297" started-at="2020-09-06T10:54:54Z" finished-at="2020-09-06T10:55:22Z">
          <params>
            <param index="0">
              <value>
                <![CDATA[4456]]>
              </value>
            </param>
          </params>
          <reporter-output>
          </reporter-output>
        </test-method> <!-- setUp -->
        <test-method status="FAIL" signature="test02()[pri:0, instance:com.jbk.DemoTest@5622fdf]" name="test02" duration-ms="26" started-at="2020-09-06T10:55:22Z" finished-at="2020-09-06T10:55:22Z">
          <exception class="java.lang.AssertionError">
            <message>
              <![CDATA[expected [JavaByKiran | Dashboard] but found [JavaByKiran | Log in]]]>
            </message>
            <full-stacktrace>
              <![CDATA[java.lang.AssertionError: expected [JavaByKiran | Dashboard] but found [JavaByKiran | Log in]
at org.testng.Assert.fail(Assert.java:96)
at org.testng.Assert.failNotEquals(Assert.java:776)
at org.testng.Assert.assertEqualsImpl(Assert.java:137)
at org.testng.Assert.assertEquals(Assert.java:118)
at org.testng.Assert.assertEquals(Assert.java:453)
at org.testng.Assert.assertEquals(Assert.java:463)
at com.jbk.DemoTest.test02(DemoTest.java:59)
at sun.reflect.NativeMethodAccessorImpl.invoke0(Native Method)
at sun.reflect.NativeMethodAccessorImpl.invoke(NativeMethodAccessorImpl.java:62)
at sun.reflect.DelegatingMethodAccessorImpl.invoke(DelegatingMethodAccessorImpl.java:43)
at java.lang.reflect.Method.invoke(Method.java:498)
at org.testng.internal.MethodInvocationHelper.invokeMethod(MethodInvocationHelper.java:124)
at org.testng.internal.Invoker.invokeMethod(Invoker.java:583)
at org.testng.internal.Invoker.invokeTestMethod(Invoker.java:719)
at org.testng.internal.Invoker.invokeTestMethods(Invoker.java:989)
at org.testng.internal.TestMethodWorker.invokeTestMethods(TestMethodWorker.java:125)
at org.testng.internal.TestMethodWorker.run(TestMethodWorker.java:109)
at org.testng.TestRunner.privateRun(TestRunner.java:648)
at org.testng.TestRunner.run(TestRunner.java:505)
at org.testng.SuiteRunner.runTest(SuiteRunner.java:455)
at org.testng.SuiteRunner.access$000(SuiteRunner.java:40)
at org.testng.SuiteRunner$SuiteWorker.run(SuiteRunner.java:489)
at org.testng.internal.thread.ThreadUtil$1.call(ThreadUtil.java:52)
at java.util.concurrent.FutureTask.run(FutureTask.java:266)
at java.util.concurrent.ThreadPoolExecutor.runWorker(ThreadPoolExecutor.java:1149)
at java.util.concurrent.ThreadPoolExecutor$Worker.run(ThreadPoolExecutor.java:624)
at java.lang.Thread.run(Thread.java:748)
]]>
            </full-stacktrace>
          </exception> <!-- java.lang.AssertionError -->
          <reporter-output>
          </reporter-output>
        </test-method> <!-- test02 -->
      </class> <!-- com.jbk.DemoTest -->
    </test> <!-- Firefox Test -->
  </suite> <!-- GridTest -->
</testng-results>
